23:16:48.218 [main] INFO  com.e2e.resources.Base - sending password
23:16:49.647 [main] INFO  com.e2e.resources.Base - Clicking on submit
23:16:49.819 [main] INFO  com.e2e.resources.Base - Quitting driver
23:16:55.097 [main] INFO  com.e2e.resources.Base - Driver is initiated
23:40:57.565 [main] INFO  com.e2e.resources.Base - Driver is initiated
23:41:00.073 [main] INFO  com.e2e.resources.Base - url is opened
23:41:05.282 [main] INFO  com.e2e.resources.Base - Clicked on Sign-In
23:41:05.529 [main] INFO  com.e2e.resources.Base - sending user name
23:41:05.654 [main] INFO  com.e2e.resources.Base - sending password
23:41:07.773 [main] INFO  com.e2e.resources.Base - Clicking on submit
23:41:09.044 [main] INFO  com.e2e.resources.Base - url is opened
23:41:11.269 [main] INFO  com.e2e.resources.Base - Clicked on Sign-In
23:41:11.392 [main] INFO  com.e2e.resources.Base - sending user name
23:41:11.479 [main] INFO  com.e2e.resources.Base - sending password
23:41:12.850 [main] INFO  com.e2e.resources.Base - Clicking on submit
23:41:14.131 [main] INFO  com.e2e.resources.Base - url is opened
23:41:16.835 [main] INFO  com.e2e.resources.Base - Clicked on Sign-In
23:41:16.964 [main] INFO  com.e2e.resources.Base - sending user name
23:41:17.061 [main] INFO  com.e2e.resources.Base - sending password
23:41:18.681 [main] INFO  com.e2e.resources.Base - Clicking on submit
23:41:18.851 [main] INFO  com.e2e.resources.Base - Quitting driver
23:41:25.146 [main] INFO  com.e2e.resources.Base - Driver is initiated
23:45:44.000 [main] INFO  com.e2e.resources.Base - Driver is initiated
23:45:46.108 [main] INFO  com.e2e.resources.Base - url is opened
23:45:51.464 [main] INFO  com.e2e.resources.Base - Clicked on Sign-In
23:45:51.673 [main] INFO  com.e2e.resources.Base - sending user name
23:45:51.771 [main] INFO  com.e2e.resources.Base - sending password
23:45:53.459 [main] INFO  com.e2e.resources.Base - Clicking on submit
23:46:05.799 [main] INFO  com.e2e.resources.Base - url is opened
23:46:07.092 [main] INFO  com.e2e.resources.Base - url is opened
